Aucun changement détecté pour /ETC/PASSWD
Aucun changement détecté pour /ETC/SHADOW
Aucun changement détecté pour /ETC/HOSTS
Scan effectué le ven. 21 févr. 2025 19:55:13 CET
--------------------------------------------------
dbc2a14dbeb18ae9d1de08523bbceeee65740e051652324e1ae1fff90dff4aca  /etc/passwd

0fd8d2e041bca53ef848a92e611ac000e431599c1343e7e8384a4b4ec80ef7d6  /etc/shadow

600de0e4e07367198090a76e710dfe2bda21caa6414f17a4d2f71177cfb0a528  /etc/hosts


Nouvelles données détectées


Scan des ports ouverts sur : 192.168.1.4 effectué le 20250221_195417
--------------------------------------------------
Starting Nmap 7.95 ( https://nmap.org ) at 2025-02-21 19:54 CET
Stats: 0:00:00 elapsed; 0 hosts completed (0 up), 1 undergoing ARP Ping Scan
ARP Ping Scan Timing: About 100.00% done; ETC: 19:54 (0:00:00 remaining)
Nmap scan report for 192.168.1.4
Host is up (0.00047s latency).
Not shown: 998 filtered tcp ports (no-response)
PORT     STATE SERVICE VERSION
80/tcp   open  http    Apache httpd 2.4.41 (PHP/7.3.12)
3306/tcp open  mysql   MariaDB 5.5.5-10.4.10
MAC Address: 4C:D5:77:E4:9F:27 (Chongqing Fugui Electronics)
Service Info: Host: localhost

Service detection performed. Please report any incorrect results at https://nmap.org/submit/ .
Nmap done: 1 IP address (1 host up) scanned in 10.53 seconds

Scan des ports ouverts sur 192.168.1.4 effectué le 20250221_195401
--------------------------------------------------
Starting Nmap 7.95 ( https://nmap.org ) at 2025-02-21 19:54 CET
Nmap scan report for 192.168.1.4
Host is up (0.00043s latency).
Not shown: 998 filtered tcp ports (no-response)
PORT     STATE SERVICE VERSION
80/tcp   open  http    Apache httpd 2.4.41 (PHP/7.3.12)
3306/tcp open  mysql   MariaDB 5.5.5-10.4.10
MAC Address: 4C:D5:77:E4:9F:27 (Chongqing Fugui Electronics)
Service Info: Host: localhost

Service detection performed. Please report any incorrect results at https://nmap.org/submit/ .
Nmap done: 1 IP address (1 host up) scanned in 11.41 seconds
--------------------------------------------------
Aucun changement détecté pour /ETC/PASSWD
Aucun changement détecté pour /ETC/SHADOW
Aucun changement détecté pour /ETC/HOSTS
Scan effectué le ven. 21 févr. 2025 19:48:33 CET
--------------------------------------------------
dbc2a14dbeb18ae9d1de08523bbceeee65740e051652324e1ae1fff90dff4aca  /etc/passwd

0fd8d2e041bca53ef848a92e611ac000e431599c1343e7e8384a4b4ec80ef7d6  /etc/shadow

600de0e4e07367198090a76e710dfe2bda21caa6414f17a4d2f71177cfb0a528  /etc/hosts


Nouvelles données détectées


Scan des ports ouverts sur : 192.168.1.4 effectué le 20250221_194522
--------------------------------------------------
Starting Nmap 7.95 ( https://nmap.org ) at 2025-02-21 19:45 CET
Nmap scan report for 192.168.1.4
Host is up (0.00057s latency).
Not shown: 998 filtered tcp ports (no-response)
PORT     STATE SERVICE VERSION
80/tcp   open  http    Apache httpd 2.4.41 (PHP/7.3.12)
3306/tcp open  mysql   MariaDB 5.5.5-10.4.10
MAC Address: 4C:D5:77:E4:9F:27 (Chongqing Fugui Electronics)
Service Info: Host: localhost

Service detection performed. Please report any incorrect results at https://nmap.org/submit/ .
Nmap done: 1 IP address (1 host up) scanned in 10.98 seconds

Scan des ports ouverts sur 192.168.1.4 effectué le 20250221_194507
--------------------------------------------------
Starting Nmap 7.95 ( https://nmap.org ) at 2025-02-21 19:45 CET
Nmap scan report for 192.168.1.4
Host is up (0.00056s latency).
Not shown: 998 filtered tcp ports (no-response)
PORT     STATE SERVICE VERSION
80/tcp   open  http    Apache httpd 2.4.41 (PHP/7.3.12)
3306/tcp open  mysql   MariaDB 5.5.5-10.4.10
MAC Address: 4C:D5:77:E4:9F:27 (Chongqing Fugui Electronics)
Service Info: Host: localhost

Service detection performed. Please report any incorrect results at https://nmap.org/submit/ .
Nmap done: 1 IP address (1 host up) scanned in 10.90 seconds
--------------------------------------------------
